2025-04-03 13:38:45,188 [INFO] Training pipeline started...
2025-04-03 13:38:45,188 [INFO] Loading data from \python_projects\machine_learning\house_price_prediction\src\datasets\train\train_house_prices.csv...
2025-04-03 13:38:45,203 [INFO] Data loaded successfully. Shape: (1460, 80)
2025-04-03 13:38:45,204 [INFO] Applying feature engineering...
2025-04-03 13:38:45,206 [INFO] Feature engineering applied successfully.
2025-04-03 13:38:45,206 [INFO] Splitting data into training and validation sets...
2025-04-03 13:38:45,211 [INFO] Data split completed. Training size: (1168, 79), Validation size: (292, 79)
2025-04-03 13:38:45,211 [INFO] Preprocessing data...
2025-04-03 13:38:45,250 [INFO] Data preprocessing completed. Preprocessor saved to \python_projects\machine_learning\house_price_prediction\src\models\preprocessor.pkl.
2025-04-03 13:38:45,251 [INFO] Training the model...
2025-04-03 13:38:45,861 [INFO] Model training completed.
2025-04-03 13:38:45,862 [INFO] Evaluating model performance...
2025-04-03 13:38:45,866 [RESULT] 

===== RESULT =====
✅ Model evaluation completed.
🎯 MAE: 14696.54
🔍 Accuracy (R² Score): 0.9176 (92%)

=================

2025-04-03 13:38:45,866 [INFO] Performing cross-validation...
2025-04-03 13:38:51,317 [RESULT] 

===== RESULT =====
✅ Cross-validation completed.
📊 MAE (Cross-Validation): 15033.55 (± 900.34)
🔍 Accuracy (R² Score - Cross Validation): 0.8847 (88%) (± 0.04)

=================

2025-04-03 13:38:51,317 [INFO] Saving model to \python_projects\machine_learning\house_price_prediction\src\models\trained_model.pkl...
2025-04-03 13:38:51,332 [INFO] Model saved successfully.
2025-04-03 13:38:51,333 [INFO] Training pipeline completed.
2025-04-03 13:38:51,335 [INFO] Starting test process...
2025-04-03 13:38:51,335 [INFO] Loading data from \python_projects\machine_learning\house_price_prediction\src\datasets\test\test_house_prices.csv...
2025-04-03 13:38:51,354 [INFO] Data loaded successfully. Shape: (1459, 79)
2025-04-03 13:38:51,354 [INFO] Applying feature engineering...
2025-04-03 13:38:51,356 [INFO] Feature engineering applied successfully.
2025-04-03 13:38:51,356 [INFO] Loading model from \python_projects\machine_learning\house_price_prediction\src\models\preprocessor.pkl...
2025-04-03 13:38:51,373 [INFO] Model loaded successfully.
2025-04-03 13:38:51,403 [INFO] Loading model from \python_projects\machine_learning\house_price_prediction\src\models\trained_model.pkl...
2025-04-03 13:38:51,427 [INFO] Model loaded successfully.
2025-04-03 13:38:51,442 [RESULT] 

===== RESULT =====
✅ Predictions saved successfully! 📂 File path: \python_projects\machine_learning\house_price_prediction\src\results\predictions.csv
=================

2025-04-03 13:38:51,443 [INFO] Test process completed.
